<?xml version="1.0" encoding="UTF-8"?>
<testsuite name="org.apache.ofbiz.base.start.OfbizStartupUnitTests" tests="7" skipped="0" failures="0" errors="0" timestamp="2021-01-18T01:08:55" hostname="ROUSE-PC" time="0.043">
  <properties/>
  <testcase name="commandParserDoesNotAcceptPortoffsetWithoutArgument" classname="org.apache.ofbiz.base.start.OfbizStartupUnitTests" time="0.023"/>
  <testcase name="commandParserDoesNotAcceptArgumentForStatus" classname="org.apache.ofbiz.base.start.OfbizStartupUnitTests" time="0.0"/>
  <testcase name="commandParserDoesNotAcceptArgumentForShutdown" classname="org.apache.ofbiz.base.start.OfbizStartupUnitTests" time="0.001"/>
  <testcase name="commandParserDoesNotAcceptArgumentForStart" classname="org.apache.ofbiz.base.start.OfbizStartupUnitTests" time="0.0"/>
  <testcase name="commandParserDoesNotAcceptMoreThanOneCommand" classname="org.apache.ofbiz.base.start.OfbizStartupUnitTests" time="0.001"/>
  <testcase name="commandParserCombinesMultipleArgsIntoOneCommand" classname="org.apache.ofbiz.base.start.OfbizStartupUnitTests" time="0.016"/>
  <testcase name="commandParserDoesNotAcceptPortoffsetWithoutPositiveInteger" classname="org.apache.ofbiz.base.start.OfbizStartupUnitTests" time="0.001"/>
  <system-out><![CDATA[]]></system-out>
  <system-err><![CDATA[]]></system-err>
</testsuite>
