<?xml version="1.0" encoding="UTF-8"?>
<testsuite name="org.apache.ofbiz.entity.util.EntitySaxReaderTests" tests="3" skipped="0" failures="0" errors="0" timestamp="2021-01-18T01:09:00" hostname="ROUSE-PC" time="1.415">
  <properties/>
  <testcase name="constructorWithTimeout" classname="org.apache.ofbiz.entity.util.EntitySaxReaderTests" time="0.883"/>
  <testcase name="parse" classname="org.apache.ofbiz.entity.util.EntitySaxReaderTests" time="0.531"/>
  <testcase name="constructorWithDefaultTimeout" classname="org.apache.ofbiz.entity.util.EntitySaxReaderTests" time="0.0"/>
  <system-out><![CDATA[2021-01-17 19:09:00,019 |OFBiz-batch-2        |GenericDelegator              |I| Doing database check as requested in entityengine.xml with addMissing=true
2021-01-17 19:09:01,427 |Test worker          |EntitySaxReader               |I| Transaction Timeout set to 2 hours (7200 seconds)
2021-01-17 19:09:01,436 |Test worker          |EntitySaxReader               |I| Finished 1 values from Internal Content
]]></system-out>
  <system-err><![CDATA[]]></system-err>
</testsuite>
